<?xml version="1.0" encoding="UTF-8"?>
<!-- Generated by org.testng.reporters.JUnitReportReporter -->
<testsuite hostname="DESKTOP-S1KDNUQ" name="com.sunwing.qa.Test.Practice1" tests="1" failures="0" timestamp="11 May 2020 14:19:04 GMT" time="24.043" errors="0">
  <testcase name="m1" time="24.043" classname="com.sunwing.qa.Test.Practice1"/>
</testsuite> <!-- com.sunwing.qa.Test.Practice1 -->
