<?xml version="1.0" encoding="UTF-8"?>
<!-- Generated by org.testng.reporters.JUnitReportReporter -->
<testsuite hostname="DESKTOP-S1KDNUQ" name="com.sunwing.qa.Test.Test1" tests="1" failures="0" timestamp="10 May 2020 10:22:32 GMT" time="31.897" errors="0">
  <testcase name="main" time="31.897" classname="com.sunwing.qa.Test.Test1"/>
</testsuite> <!-- com.sunwing.qa.Test.Test1 -->
