<?xml version="1.0" encoding="UTF-8"?>
<!-- Generated by org.testng.reporters.JUnitReportReporter -->
<testsuite hostname="DESKTOP-S1KDNUQ" name="Practice.Practice1" tests="1" failures="0" timestamp="11 May 2020 13:34:55 GMT" time="5.964" errors="0">
  <testcase name="main" time="5.964" classname="Practice.Practice1"/>
</testsuite> <!-- Practice.Practice1 -->
